<?xml version="1.0" encoding="UTF-8"?>
<testsuites tests="7" failures="0" disabled="1" errors="0" time="0.279" timestamp="2025-09-13T22:25:39.951" name="AllTests">
  <testsuite name="MulScaleFunctionalTest" tests="7" failures="0" disabled="1" skipped="0" errors="0" time="0.279" timestamp="2025-09-13T22:25:39.951">
    <testcase name="MulScale_8u_C1R_BasicOperation" file="/home/cjxu/npp/test/unit/nppi/nppi_arithmetic_operations/test_nppi_mulscale.cpp" line="23" status="run" result="completed" time="0.264" timestamp="2025-09-13T22:25:39.951" classname="MulScaleFunctionalTest" />
    <testcase name="MulScale_16u_C1R_BasicOperation" file="/home/cjxu/npp/test/unit/nppi/nppi_arithmetic_operations/test_nppi_mulscale.cpp" line="100" status="run" result="completed" time="0.003" timestamp="2025-09-13T22:25:40.215" classname="MulScaleFunctionalTest" />
    <testcase name="MulScale_8u_C1R_ExtremeValues" file="/home/cjxu/npp/test/unit/nppi/nppi_arithmetic_operations/test_nppi_mulscale.cpp" line="177" status="run" result="completed" time="0.001" timestamp="2025-09-13T22:25:40.219" classname="MulScaleFunctionalTest" />
    <testcase name="MulScale_8u_C1IR_InPlace" file="/home/cjxu/npp/test/unit/nppi/nppi_arithmetic_operations/test_nppi_mulscale.cpp" line="237" status="run" result="completed" time="0.001" timestamp="2025-09-13T22:25:40.220" classname="MulScaleFunctionalTest" />
    <testcase name="DISABLED_MulScale_ErrorHandling" file="/home/cjxu/npp/test/unit/nppi/nppi_arithmetic_operations/test_nppi_mulscale.cpp" line="309" status="notrun" result="suppressed" time="0." timestamp="1970-01-01T08:00:00.000" classname="MulScaleFunctionalTest" />
    <testcase name="MulScale_StreamContext" file="/home/cjxu/npp/test/unit/nppi/nppi_arithmetic_operations/test_nppi_mulscale.cpp" line="325" status="run" result="completed" time="0.006" timestamp="2025-09-13T22:25:40.222" classname="MulScaleFunctionalTest" />
    <testcase name="MulScale_16u_C1R_OverflowHandling" file="/home/cjxu/npp/test/unit/nppi/nppi_arithmetic_operations/test_nppi_mulscale.cpp" line="389" status="run" result="completed" time="0.001" timestamp="2025-09-13T22:25:40.229" classname="MulScaleFunctionalTest" />
  </testsuite>
</testsuites>
